KISS-master/app/build/outputs/logs/manifest-merger-release-report.txt
-- Merging decision tree log ---
manifest
ADDED from src\main\AndroidManifest.xml:2:1-133:12
	package
		ADDED from src\main\AndroidManifest.xml:4:5-29
		INJECTED from src\main\AndroidManifest.xml
		INJECTED from src\main\AndroidManifest.xml
	android:versionName
		ADDED from src\main\AndroidManifest.xml:6:5-33
	android:versionCode
		ADDED from src\main\AndroidManifest.xml:5:5-29
		INJECTED from src\main\AndroidManifest.xml
		INJECTED from src\main\AndroidManifest.xml
	xmlns:android
		ADDED from src\main\AndroidManifest.xml:3:5-63
uses-permission#android.permission.READ_CONTACTS
ADDED from src\main\AndroidManifest.xml:9:5-72
	android:name
		ADDED from src\main\AndroidManifest.xml:9:22-69
uses-permission#android.permission.CALL_PHONE
ADDED from src\main\AndroidManifest.xml:11:5-69
	android:name
		ADDED from src\main\AndroidManifest.xml:11:22-66
uses-permission#android.permission.ACCESS_NETWORK_STATE
ADDED from src\main\AndroidManifest.xml:13:5-79
	android:name
		ADDED from src\main\AndroidManifest.xml:13:22-76
uses-permission#android.permission.CHANGE_NETWORK_STATE
ADDED from src\main\AndroidManifest.xml:14:5-79
	android:name
		ADDED from src\main\AndroidManifest.xml:14:22-76
uses-permission#android.permission.ACCESS_WIFI_STATE
ADDED from src\main\AndroidManifest.xml:16:5-76
	android:name
		ADDED from src\main\AndroidManifest.xml:16:22-73
uses-permission#android.permission.CHANGE_WIFI_STATE
ADDED from src\main\AndroidManifest.xml:17:5-76
	android:name
		ADDED from src\main\AndroidManifest.xml:17:22-73
uses-permission#android.permission.BLUETOOTH
ADDED from src\main\AndroidManifest.xml:19:5-68
	android:name
		ADDED from src\main\AndroidManifest.xml:19:22-65
uses-permission#android.permission.BLUETOOTH_ADMIN
ADDED from src\main\AndroidManifest.xml:20:5-74
	android:name
		ADDED from src\main\AndroidManifest.xml:20:22-71
uses-permission#android.permission.RECEIVE_SMS
ADDED from src\main\AndroidManifest.xml:22:5-70
	android:name
		ADDED from src\main\AndroidManifest.xml:22:22-67
uses-permission#android.permission.READ_PHONE_STATE
ADDED from src\main\AndroidManifest.xml:24:5-75
	android:name
		ADDED from src\main\AndroidManifest.xml:24:22-72
uses-permission#android.permission.CAMERA
ADDED from src\main\AndroidManifest.xml:26:5-65
	android:name
		ADDED from src\main\AndroidManifest.xml:26:22-62
uses-permission#android.permission.FLASHLIGHT
ADDED from src\main\AndroidManifest.xml:27:5-69
	android:name
		ADDED from src\main\AndroidManifest.xml:27:22-66
uses-permission#android.permission.READ_SYNC_SETTINGS
ADDED from src\main\AndroidManifest.xml:29:5-77
	android:name
		ADDED from src\main\AndroidManifest.xml:29:22-74
uses-permission#android.permission.WRITE_SYNC_SETTINGS
ADDED from src\main\AndroidManifest.xml:30:5-78
	android:name
		ADDED from src\main\AndroidManifest.xml:30:22-75
uses-permission#android.permission.WRITE_EXTERNAL_STORAGE
ADDED from src\main\AndroidManifest.xml:32:5-80
	android:name
		ADDED from src\main\AndroidManifest.xml:32:22-78
uses-feature#android.hardware.telephony
ADDED from src\main\AndroidManifest.xml:34:5-36:36
	android:required
		ADDED from src\main\AndroidManifest.xml:36:9-33
	android:name
		ADDED from src\main\AndroidManifest.xml:35:9-50
uses-feature#android.hardware.bluetooth
ADDED from src\main\AndroidManifest.xml:37:5-39:36
	android:required
		ADDED from src\main\AndroidManifest.xml:39:9-33
	android:name
		ADDED from src\main\AndroidManifest.xml:38:9-50
uses-feature#android.hardware.wifi
ADDED from src\main\AndroidManifest.xml:40:5-42:36
	android:required
		ADDED from src\main\AndroidManifest.xml:42:9-33
	android:name
		ADDED from src\main\AndroidManifest.xml:41:9-45
uses-feature#android.hardware.camera
ADDED from src\main\AndroidManifest.xml:43:5-45:36
	android:required
		ADDED from src\main\AndroidManifest.xml:45:9-33
	android:name
		ADDED from src\main\AndroidManifest.xml:44:9-47
uses-feature#android.hardware.camera.flash
ADDED from src\main\AndroidManifest.xml:46:5-48:36
	android:required
		ADDED from src\main\AndroidManifest.xml:48:9-33
	android:name
		ADDED from src\main\AndroidManifest.xml:47:9-53
application
ADDED from src\main\AndroidManifest.xml:50:5-131:19
	android:label
		ADDED from src\main\AndroidManifest.xml:55:9-41
	android:hardwareAccelerated
		ADDED from src\main\AndroidManifest.xml:53:9-43
	android:debuggable
		ADDED from src\main\AndroidManifest.xml:52:9-34
	android:allowBackup
		ADDED from src\main\AndroidManifest.xml:51:9-35
	android:icon
		ADDED from src\main\AndroidManifest.xml:54:9-45
	android:theme
		ADDED from src\main\AndroidManifest.xml:56:9-45
activity#fr.neamar.kiss.MainActivity
ADDED from src\main\AndroidManifest.xml:65:9-89:20
	android:clearTaskOnLaunch
		ADDED from src\main\AndroidManifest.xml:67:13-45
	android:screenOrientation
		ADDED from src\main\AndroidManifest.xml:71:13-45
	android:label
		ADDED from src\main\AndroidManifest.xml:69:13-45
	android:stateNotNeeded
		ADDED from src\main\AndroidManifest.xml:72:13-42
	android:excludeFromRecents
		ADDED from src\main\AndroidManifest.xml:68:13-46
	android:launchMode
		ADDED from src\main\AndroidManifest.xml:70:13-44
	android:windowSoftInputMode
		ADDED from src\main\AndroidManifest.xml:73:13-73
	android:name
		ADDED from src\main\AndroidManifest.xml:66:13-41
intent-filter#android.intent.action.MAIN+android.intent.category.DEFAULT+android.intent.category.HOME+android.intent.category.LAUNCHER
ADDED from src\main\AndroidManifest.xml:74:13-80:29
action#android.intent.action.MAIN
ADDED from src\main\AndroidManifest.xml:75:17-69
	android:name
		ADDED from src\main\AndroidManifest.xml:75:25-66
category#android.intent.category.LAUNCHER
ADDED from src\main\AndroidManifest.xml:77:17-77
	android:name
		ADDED from src\main\AndroidManifest.xml:77:27-74
category#android.intent.category.HOME
ADDED from src\main\AndroidManifest.xml:78:17-73
	android:name
		ADDED from src\main\AndroidManifest.xml:78:27-70
category#android.intent.category.DEFAULT
ADDED from src\main\AndroidManifest.xml:79:17-76
	android:name
		ADDED from src\main\AndroidManifest.xml:79:27-73
intent-filter#android.intent.action.ASSIST+android.intent.category.DEFAULT
ADDED from src\main\AndroidManifest.xml:81:13-84:29
action#android.intent.action.ASSIST
ADDED from src\main\AndroidManifest.xml:82:17-71
	android:name
		ADDED from src\main\AndroidManifest.xml:82:25-68
meta-data#com.android.systemui.action_assist_icon
ADDED from src\main\AndroidManifest.xml:86:13-88:60
	android:resource
		ADDED from src\main\AndroidManifest.xml:88:17-57
	android:name
		ADDED from src\main\AndroidManifest.xml:87:17-71
activity#fr.neamar.kiss.SettingsActivity
ADDED from src\main\AndroidManifest.xml:90:9-93:60
	android:label
		ADDED from src\main\AndroidManifest.xml:92:13-53
	android:theme
		ADDED from src\main\AndroidManifest.xml:93:13-48
	android:name
		ADDED from src\main\AndroidManifest.xml:91:13-59
activity#fr.neamar.kiss.GridActivity
ADDED from src\main\AndroidManifest.xml:95:9-97:45
	android:label
		ADDED from src\main\AndroidManifest.xml:97:13-32
	android:name
		ADDED from src\main\AndroidManifest.xml:96:13-41
receiver#fr.neamar.kiss.broadcast.NewAppInstalledHandler
ADDED from src\main\AndroidManifest.xml:102:9-116:20
	android:name
		ADDED from src\main\AndroidManifest.xml:102:19-67
intent-filter#android.intent.action.ACTION_MEDIA_MOUNTED+android.intent.action.ACTION_MEDIA_REMOVED+android.intent.action.MEDIA_MOUNTED+android.intent.action.MEDIA_REMOVED+android.intent.action.PACKAGE_ADDED+android.intent.action.PACKAGE_REMOVED
ADDED from src\main\AndroidManifest.xml:103:13-115:29
action#android.intent.action.PACKAGE_ADDED
ADDED from src\main\AndroidManifest.xml:104:17-78
	android:name
		ADDED from src\main\AndroidManifest.xml:104:25-75
action#android.intent.action.PACKAGE_REMOVED
ADDED from src\main\AndroidManifest.xml:105:17-80
	android:name
		ADDED from src\main\AndroidManifest.xml:105:25-77
action#android.intent.action.MEDIA_MOUNTED
ADDED from src\main\AndroidManifest.xml:107:17-78
	android:name
		ADDED from src\main\AndroidManifest.xml:107:25-75
action#android.intent.action.MEDIA_REMOVED
ADDED from src\main\AndroidManifest.xml:108:17-78
	android:name
		ADDED from src\main\AndroidManifest.xml:108:25-75
action#android.intent.action.ACTION_MEDIA_MOUNTED
ADDED from src\main\AndroidManifest.xml:110:17-85
	android:name
		ADDED from src\main\AndroidManifest.xml:110:25-82
action#android.intent.action.ACTION_MEDIA_REMOVED
ADDED from src\main\AndroidManifest.xml:111:17-85
	android:name
		ADDED from src\main\AndroidManifest.xml:111:25-82
data
ADDED from src\main\AndroidManifest.xml:114:17-50
	android:scheme
		ADDED from src\main\AndroidManifest.xml:114:23-47
receiver#fr.neamar.kiss.broadcast.IncomingSmsHandler
ADDED from src\main\AndroidManifest.xml:119:9-123:20
	android:name
		ADDED from src\main\AndroidManifest.xml:119:19-63
intent-filter#android.provider.Telephony.SMS_RECEIVED
ADDED from src\main\AndroidManifest.xml:120:13-122:29
action#android.provider.Telephony.SMS_RECEIVED
ADDED from src\main\AndroidManifest.xml:121:17-82
	android:name
		ADDED from src\main\AndroidManifest.xml:121:25-79
receiver#fr.neamar.kiss.broadcast.IncomingCallHandler
ADDED from src\main\AndroidManifest.xml:126:9-130:20
	android:name
		ADDED from src\main\AndroidManifest.xml:126:19-64
intent-filter#android.intent.action.PHONE_STATE
ADDED from src\main\AndroidManifest.xml:127:13-129:29
action#android.intent.action.PHONE_STATE
ADDED from src\main\AndroidManifest.xml:128:17-76
	android:name
		ADDED from src\main\AndroidManifest.xml:128:25-73
uses-sdk
INJECTED from src\main\AndroidManifest.xml reason: use-sdk injection requested
	android:targetSdkVersion
		INJECTED from src\main\AndroidManifest.xml
		INJECTED from src\main\AndroidManifest.xml
	android:minSdkVersion
		INJECTED from src\main\AndroidManifest.xml
		INJECTED from src\main\AndroidManifest.xml